mobile/android/app/build/intermediates/manifest_merge_blame_file/debug/manifest-merger-blame-debug-report.txt
1<?xml version="1.0" encoding="utf-8"?>
2<manifest xmlns:android="http://schemas.android.com/apk/res/android"
3    package="edu.lehigh.cse216.law322"
4    android:versionCode="1"
5    android:versionName="1.0" >
6
7    <uses-sdk
8        android:minSdkVersion="22"
8-->src/main/AndroidManifest.xml
9        android:targetSdkVersion="32" />
9-->src/main/AndroidManifest.xml
10
11    <uses-permission android:name="android.permission.INTERNET" />
11-->src/main/AndroidManifest.xml:5:5-67
11-->src/main/AndroidManifest.xml:5:22-64
12
13    <application
13-->src/main/AndroidManifest.xml:7:5-30:19
14        android:allowBackup="true"
14-->src/main/AndroidManifest.xml:8:9-35
15        android:appComponentFactory="androidx.core.app.CoreComponentFactory"
15-->[androidx.core:core:1.5.0] AndroidManifest.xml:24:18-86
16        android:debuggable="true"
17        android:icon="@mipmap/ic_launcher"
17-->src/main/AndroidManifest.xml:9:9-43
18        android:label="@string/app_name"
18-->src/main/AndroidManifest.xml:10:9-41
19        android:roundIcon="@mipmap/ic_launcher_round"
19-->src/main/AndroidManifest.xml:11:9-54
20        android:supportsRtl="true"
20-->src/main/AndroidManifest.xml:12:9-35
21        android:testOnly="true"
22        android:theme="@style/Theme.Phase0" >
22-->src/main/AndroidManifest.xml:13:9-44
23        <activity
23-->src/main/AndroidManifest.xml:14:9-18:63
24            android:name="edu.lehigh.cse216.law322.SecondActivity"
24-->src/main/AndroidManifest.xml:15:13-43
25            android:exported="false"
25-->src/main/AndroidManifest.xml:16:13-37
26            android:label="@string/title_activity_second"
26-->src/main/AndroidManifest.xml:17:13-58
27            android:theme="@style/Theme.Phase0.NoActionBar" />
27-->src/main/AndroidManifest.xml:18:13-60
28        <activity
28-->src/main/AndroidManifest.xml:19:9-29:20
29            android:name="edu.lehigh.cse216.law322.MainActivity"
29-->src/main/AndroidManifest.xml:20:13-41
30            android:exported="true"
30-->src/main/AndroidManifest.xml:21:13-36
31            android:label="@string/app_name"
31-->src/main/AndroidManifest.xml:22:13-45
32            android:theme="@style/Theme.Phase0.NoActionBar" >
32-->src/main/AndroidManifest.xml:23:13-60
33            <intent-filter>
33-->src/main/AndroidManifest.xml:24:13-28:29
34                <action android:name="android.intent.action.MAIN" />
34-->src/main/AndroidManifest.xml:25:17-69
34-->src/main/AndroidManifest.xml:25:25-66
35
36                <category android:name="android.intent.category.LAUNCHER" />
36-->src/main/AndroidManifest.xml:27:17-77
36-->src/main/AndroidManifest.xml:27:27-74
37            </intent-filter>
38        </activity>
39    </application>
40
41</manifest>